
> flow-detective-proj@0.1.0 start
> react-scripts start

(node:2358) [DEP_WEBPACK_DEV_SERVER_ON_AFTER_SETUP_MIDDLEWARE] DeprecationWarning: 'onAfterSetupMiddleware' option is deprecated. Please use the 'setupMiddlewares' option.
(Use `node --trace-deprecation ...` to show where the warning was created)
(node:2358) [DEP_WEBPACK_DEV_SERVER_ON_BEFORE_SETUP_MIDDLEWARE] DeprecationWarning: 'onBeforeSetupMiddleware' option is deprecated. Please use the 'setupMiddlewares' option.
Starting the development server...

Compiled with warnings.

[eslint]
src/App.js
  Line 2:36:    'Brain' is defined but never used                                                                               no-unused-vars
  Line 2:73:    'Trash2' is defined but never used                                                                              no-unused-vars
  Line 2:81:    'Layers' is defined but never used                                                                              no-unused-vars
  Line 2:89:    'Tag' is defined but never used                                                                                 no-unused-vars
  Line 2:104:   'FileText' is defined but never used                                                                            no-unused-vars
  Line 2:122:   'Settings' is defined but never used                                                                            no-unused-vars
  Line 2:145:   'CheckCircle2' is defined but never used                                                                        no-unused-vars
  Line 2:159:   'Mic' is defined but never used                                                                                 no-unused-vars
  Line 2:164:   'MicOff' is defined but never used                                                                              no-unused-vars
  Line 2:172:   'MousePointer2' is defined but never used                                                                       no-unused-vars
  Line 2:187:   'Cloud' is defined but never used                                                                               no-unused-vars
  Line 2:220:   'LogIn' is defined but never used                                                                               no-unused-vars
  Line 2:227:   'LogOut' is defined but never used                                                                              no-unused-vars
  Line 2:235:   'Mail' is defined but never used                                                                                no-unused-vars
  Line 2:241:   'Lock' is defined but never used                                                                                no-unused-vars
  Line 2:247:   'KeyRound' is defined but never used                                                                            no-unused-vars
  Line 2:267:   'ArrowRight' is defined but never used                                                                          no-unused-vars
  Line 2:287:   'ClipboardCheck' is defined but never used                                                                      no-unused-vars
  Line 2:303:   'TrendingUp' is defined but never used                                                                          no-unused-vars
  Line 2:359:   'Smile' is defined but never used                                                                               no-unused-vars
  Line 2:366:   'Waves' is defined but never used                                                                               no-unused-vars
  Line 2:373:   'Wrench' is defined but never used                                                                              no-unused-vars
  Line 2:381:   'Hourglass' is defined but never used                                                                           no-unused-vars
  Line 2:392:   'ShieldAlert' is defined but never used                                                                         no-unused-vars
  Line 2:405:   'Siren' is defined but never used                                                                               no-unused-vars
  Line 2:412:   'ChevronDown' is defined but never used                                                                         no-unused-vars
  Line 2:425:   'ChevronUp' is defined but never used                                                                           no-unused-vars
  Line 2:436:   'WifiOff' is defined but never used                                                                             no-unused-vars
  Line 2:445:   'Database' is defined but never used                                                                            no-unused-vars
  Line 2:455:   'Lightbulb' is defined but never used                                                                           no-unused-vars
  Line 6:38:    'signInWithCustomToken' is defined but never used                                                               no-unused-vars
  Line 6:125:   'signInWithPopup' is defined but never used                                                                     no-unused-vars
  Line 6:209:   'createUserWithEmailAndPassword' is defined but never used                                                      no-unused-vars
  Line 7:90:    'writeBatch' is defined but never used                                                                          no-unused-vars
  Line 854:10:  'isLoadingLogs' is assigned a value but never used                                                              no-unused-vars
  Line 856:23:  'setIsListening' is assigned a value but never used                                                             no-unused-vars
  Line 857:9:   'recognitionRef' is assigned a value but never used                                                             no-unused-vars
  Line 887:6:   React Hook useMemo has a missing dependency: 't'. Either include it or remove the dependency array              react-hooks/exhaustive-deps
  Line 956:6:   React Hook useCallback has an unnecessary dependency: 'logs'. Either exclude it or remove the dependency array  react-hooks/exhaustive-deps

Search for the keywords to learn more about each warning.
To ignore, add // eslint-disable-next-line to the line before.

WARNING in [eslint]
src/App.js
  Line 2:36:    'Brain' is defined but never used                                                                               no-unused-vars
  Line 2:73:    'Trash2' is defined but never used                                                                              no-unused-vars
  Line 2:81:    'Layers' is defined but never used                                                                              no-unused-vars
  Line 2:89:    'Tag' is defined but never used                                                                                 no-unused-vars
  Line 2:104:   'FileText' is defined but never used                                                                            no-unused-vars
  Line 2:122:   'Settings' is defined but never used                                                                            no-unused-vars
  Line 2:145:   'CheckCircle2' is defined but never used                                                                        no-unused-vars
  Line 2:159:   'Mic' is defined but never used                                                                                 no-unused-vars
  Line 2:164:   'MicOff' is defined but never used                                                                              no-unused-vars
  Line 2:172:   'MousePointer2' is defined but never used                                                                       no-unused-vars
  Line 2:187:   'Cloud' is defined but never used                                                                               no-unused-vars
  Line 2:220:   'LogIn' is defined but never used                                                                               no-unused-vars
  Line 2:227:   'LogOut' is defined but never used                                                                              no-unused-vars
  Line 2:235:   'Mail' is defined but never used                                                                                no-unused-vars
  Line 2:241:   'Lock' is defined but never used                                                                                no-unused-vars
  Line 2:247:   'KeyRound' is defined but never used                                                                            no-unused-vars
  Line 2:267:   'ArrowRight' is defined but never used                                                                          no-unused-vars
  Line 2:287:   'ClipboardCheck' is defined but never used                                                                      no-unused-vars
  Line 2:303:   'TrendingUp' is defined but never used                                                                          no-unused-vars
  Line 2:359:   'Smile' is defined but never used                                                                               no-unused-vars
  Line 2:366:   'Waves' is defined but never used                                                                               no-unused-vars
  Line 2:373:   'Wrench' is defined but never used                                                                              no-unused-vars
  Line 2:381:   'Hourglass' is defined but never used                                                                           no-unused-vars
  Line 2:392:   'ShieldAlert' is defined but never used                                                                         no-unused-vars
  Line 2:405:   'Siren' is defined but never used                                                                               no-unused-vars
  Line 2:412:   'ChevronDown' is defined but never used                                                                         no-unused-vars
  Line 2:425:   'ChevronUp' is defined but never used                                                                           no-unused-vars
  Line 2:436:   'WifiOff' is defined but never used                                                                             no-unused-vars
  Line 2:445:   'Database' is defined but never used                                                                            no-unused-vars
  Line 2:455:   'Lightbulb' is defined but never used                                                                           no-unused-vars
  Line 6:38:    'signInWithCustomToken' is defined but never used                                                               no-unused-vars
  Line 6:125:   'signInWithPopup' is defined but never used                                                                     no-unused-vars
  Line 6:209:   'createUserWithEmailAndPassword' is defined but never used                                                      no-unused-vars
  Line 7:90:    'writeBatch' is defined but never used                                                                          no-unused-vars
  Line 854:10:  'isLoadingLogs' is assigned a value but never used                                                              no-unused-vars
  Line 856:23:  'setIsListening' is assigned a value but never used                                                             no-unused-vars
  Line 857:9:   'recognitionRef' is assigned a value but never used                                                             no-unused-vars
  Line 887:6:   React Hook useMemo has a missing dependency: 't'. Either include it or remove the dependency array              react-hooks/exhaustive-deps
  Line 956:6:   React Hook useCallback has an unnecessary dependency: 'logs'. Either exclude it or remove the dependency array  react-hooks/exhaustive-deps

webpack compiled with 1 warning
Compiling...
Compiled with warnings.

[eslint]
src/App.js
  Line 2:36:    'Brain' is defined but never used                                                                               no-unused-vars
  Line 2:73:    'Trash2' is defined but never used                                                                              no-unused-vars
  Line 2:81:    'Layers' is defined but never used                                                                              no-unused-vars
  Line 2:89:    'Tag' is defined but never used                                                                                 no-unused-vars
  Line 2:104:   'FileText' is defined but never used                                                                            no-unused-vars
  Line 2:122:   'Settings' is defined but never used                                                                            no-unused-vars
  Line 2:145:   'CheckCircle2' is defined but never used                                                                        no-unused-vars
  Line 2:159:   'Mic' is defined but never used                                                                                 no-unused-vars
  Line 2:164:   'MicOff' is defined but never used                                                                              no-unused-vars
  Line 2:172:   'MousePointer2' is defined but never used                                                                       no-unused-vars
  Line 2:187:   'Cloud' is defined but never used                                                                               no-unused-vars
  Line 2:220:   'LogIn' is defined but never used                                                                               no-unused-vars
  Line 2:227:   'LogOut' is defined but never used                                                                              no-unused-vars
  Line 2:235:   'Mail' is defined but never used                                                                                no-unused-vars
  Line 2:241:   'Lock' is defined but never used                                                                                no-unused-vars
  Line 2:247:   'KeyRound' is defined but never used                                                                            no-unused-vars
  Line 2:267:   'ArrowRight' is defined but never used                                                                          no-unused-vars
  Line 2:287:   'ClipboardCheck' is defined but never used                                                                      no-unused-vars
  Line 2:303:   'TrendingUp' is defined but never used                                                                          no-unused-vars
  Line 2:359:   'Smile' is defined but never used                                                                               no-unused-vars
  Line 2:366:   'Waves' is defined but never used                                                                               no-unused-vars
  Line 2:373:   'Wrench' is defined but never used                                                                              no-unused-vars
  Line 2:381:   'Hourglass' is defined but never used                                                                           no-unused-vars
  Line 2:392:   'ShieldAlert' is defined but never used                                                                         no-unused-vars
  Line 2:405:   'Siren' is defined but never used                                                                               no-unused-vars
  Line 2:412:   'ChevronDown' is defined but never used                                                                         no-unused-vars
  Line 2:425:   'ChevronUp' is defined but never used                                                                           no-unused-vars
  Line 2:436:   'WifiOff' is defined but never used                                                                             no-unused-vars
  Line 2:445:   'Database' is defined but never used                                                                            no-unused-vars
  Line 2:455:   'Lightbulb' is defined but never used                                                                           no-unused-vars
  Line 6:38:    'signInWithCustomToken' is defined but never used                                                               no-unused-vars
  Line 6:125:   'signInWithPopup' is defined but never used                                                                     no-unused-vars
  Line 6:209:   'createUserWithEmailAndPassword' is defined but never used                                                      no-unused-vars
  Line 7:90:    'writeBatch' is defined but never used                                                                          no-unused-vars
  Line 854:10:  'isLoadingLogs' is assigned a value but never used                                                              no-unused-vars
  Line 856:23:  'setIsListening' is assigned a value but never used                                                             no-unused-vars
  Line 857:9:   'recognitionRef' is assigned a value but never used                                                             no-unused-vars
  Line 887:6:   React Hook useMemo has a missing dependency: 't'. Either include it or remove the dependency array              react-hooks/exhaustive-deps
  Line 956:6:   React Hook useCallback has an unnecessary dependency: 'logs'. Either exclude it or remove the dependency array  react-hooks/exhaustive-deps

Search for the keywords to learn more about each warning.
To ignore, add // eslint-disable-next-line to the line before.

WARNING in [eslint]
src/App.js
  Line 2:36:    'Brain' is defined but never used                                                                               no-unused-vars
  Line 2:73:    'Trash2' is defined but never used                                                                              no-unused-vars
  Line 2:81:    'Layers' is defined but never used                                                                              no-unused-vars
  Line 2:89:    'Tag' is defined but never used                                                                                 no-unused-vars
  Line 2:104:   'FileText' is defined but never used                                                                            no-unused-vars
  Line 2:122:   'Settings' is defined but never used                                                                            no-unused-vars
  Line 2:145:   'CheckCircle2' is defined but never used                                                                        no-unused-vars
  Line 2:159:   'Mic' is defined but never used                                                                                 no-unused-vars
  Line 2:164:   'MicOff' is defined but never used                                                                              no-unused-vars
  Line 2:172:   'MousePointer2' is defined but never used                                                                       no-unused-vars
  Line 2:187:   'Cloud' is defined but never used                                                                               no-unused-vars
  Line 2:220:   'LogIn' is defined but never used                                                                               no-unused-vars
  Line 2:227:   'LogOut' is defined but never used                                                                              no-unused-vars
  Line 2:235:   'Mail' is defined but never used                                                                                no-unused-vars
  Line 2:241:   'Lock' is defined but never used                                                                                no-unused-vars
  Line 2:247:   'KeyRound' is defined but never used                                                                            no-unused-vars
  Line 2:267:   'ArrowRight' is defined but never used                                                                          no-unused-vars
  Line 2:287:   'ClipboardCheck' is defined but never used                                                                      no-unused-vars
  Line 2:303:   'TrendingUp' is defined but never used                                                                          no-unused-vars
  Line 2:359:   'Smile' is defined but never used                                                                               no-unused-vars
  Line 2:366:   'Waves' is defined but never used                                                                               no-unused-vars
  Line 2:373:   'Wrench' is defined but never used                                                                              no-unused-vars
  Line 2:381:   'Hourglass' is defined but never used                                                                           no-unused-vars
  Line 2:392:   'ShieldAlert' is defined but never used                                                                         no-unused-vars
  Line 2:405:   'Siren' is defined but never used                                                                               no-unused-vars
  Line 2:412:   'ChevronDown' is defined but never used                                                                         no-unused-vars
  Line 2:425:   'ChevronUp' is defined but never used                                                                           no-unused-vars
  Line 2:436:   'WifiOff' is defined but never used                                                                             no-unused-vars
  Line 2:445:   'Database' is defined but never used                                                                            no-unused-vars
  Line 2:455:   'Lightbulb' is defined but never used                                                                           no-unused-vars
  Line 6:38:    'signInWithCustomToken' is defined but never used                                                               no-unused-vars
  Line 6:125:   'signInWithPopup' is defined but never used                                                                     no-unused-vars
  Line 6:209:   'createUserWithEmailAndPassword' is defined but never used                                                      no-unused-vars
  Line 7:90:    'writeBatch' is defined but never used                                                                          no-unused-vars
  Line 854:10:  'isLoadingLogs' is assigned a value but never used                                                              no-unused-vars
  Line 856:23:  'setIsListening' is assigned a value but never used                                                             no-unused-vars
  Line 857:9:   'recognitionRef' is assigned a value but never used                                                             no-unused-vars
  Line 887:6:   React Hook useMemo has a missing dependency: 't'. Either include it or remove the dependency array              react-hooks/exhaustive-deps
  Line 956:6:   React Hook useCallback has an unnecessary dependency: 'logs'. Either exclude it or remove the dependency array  react-hooks/exhaustive-deps

webpack compiled with 1 warning
Compiling...
Compiled with warnings.

[eslint]
src/App.js
  Line 2:36:    'Brain' is defined but never used                                                                               no-unused-vars
  Line 2:73:    'Trash2' is defined but never used                                                                              no-unused-vars
  Line 2:81:    'Layers' is defined but never used                                                                              no-unused-vars
  Line 2:89:    'Tag' is defined but never used                                                                                 no-unused-vars
  Line 2:104:   'FileText' is defined but never used                                                                            no-unused-vars
  Line 2:122:   'Settings' is defined but never used                                                                            no-unused-vars
  Line 2:145:   'CheckCircle2' is defined but never used                                                                        no-unused-vars
  Line 2:159:   'Mic' is defined but never used                                                                                 no-unused-vars
  Line 2:164:   'MicOff' is defined but never used                                                                              no-unused-vars
  Line 2:172:   'MousePointer2' is defined but never used                                                                       no-unused-vars
  Line 2:187:   'Cloud' is defined but never used                                                                               no-unused-vars
  Line 2:220:   'LogIn' is defined but never used                                                                               no-unused-vars
  Line 2:227:   'LogOut' is defined but never used                                                                              no-unused-vars
  Line 2:235:   'Mail' is defined but never used                                                                                no-unused-vars
  Line 2:241:   'Lock' is defined but never used                                                                                no-unused-vars
  Line 2:247:   'KeyRound' is defined but never used                                                                            no-unused-vars
  Line 2:267:   'ArrowRight' is defined but never used                                                                          no-unused-vars
  Line 2:287:   'ClipboardCheck' is defined but never used                                                                      no-unused-vars
  Line 2:303:   'TrendingUp' is defined but never used                                                                          no-unused-vars
  Line 2:359:   'Smile' is defined but never used                                                                               no-unused-vars
  Line 2:366:   'Waves' is defined but never used                                                                               no-unused-vars
  Line 2:373:   'Wrench' is defined but never used                                                                              no-unused-vars
  Line 2:381:   'Hourglass' is defined but never used                                                                           no-unused-vars
  Line 2:392:   'ShieldAlert' is defined but never used                                                                         no-unused-vars
  Line 2:405:   'Siren' is defined but never used                                                                               no-unused-vars
  Line 2:412:   'ChevronDown' is defined but never used                                                                         no-unused-vars
  Line 2:425:   'ChevronUp' is defined but never used                                                                           no-unused-vars
  Line 2:436:   'WifiOff' is defined but never used                                                                             no-unused-vars
  Line 2:445:   'Database' is defined but never used                                                                            no-unused-vars
  Line 2:455:   'Lightbulb' is defined but never used                                                                           no-unused-vars
  Line 6:38:    'signInWithCustomToken' is defined but never used                                                               no-unused-vars
  Line 6:125:   'signInWithPopup' is defined but never used                                                                     no-unused-vars
  Line 6:209:   'createUserWithEmailAndPassword' is defined but never used                                                      no-unused-vars
  Line 7:90:    'writeBatch' is defined but never used                                                                          no-unused-vars
  Line 854:10:  'isLoadingLogs' is assigned a value but never used                                                              no-unused-vars
  Line 856:23:  'setIsListening' is assigned a value but never used                                                             no-unused-vars
  Line 857:9:   'recognitionRef' is assigned a value but never used                                                             no-unused-vars
  Line 887:6:   React Hook useMemo has a missing dependency: 't'. Either include it or remove the dependency array              react-hooks/exhaustive-deps
  Line 956:6:   React Hook useCallback has an unnecessary dependency: 'logs'. Either exclude it or remove the dependency array  react-hooks/exhaustive-deps

Search for the keywords to learn more about each warning.
To ignore, add // eslint-disable-next-line to the line before.

WARNING in [eslint]
src/App.js
  Line 2:36:    'Brain' is defined but never used                                                                               no-unused-vars
  Line 2:73:    'Trash2' is defined but never used                                                                              no-unused-vars
  Line 2:81:    'Layers' is defined but never used                                                                              no-unused-vars
  Line 2:89:    'Tag' is defined but never used                                                                                 no-unused-vars
  Line 2:104:   'FileText' is defined but never used                                                                            no-unused-vars
  Line 2:122:   'Settings' is defined but never used                                                                            no-unused-vars
  Line 2:145:   'CheckCircle2' is defined but never used                                                                        no-unused-vars
  Line 2:159:   'Mic' is defined but never used                                                                                 no-unused-vars
  Line 2:164:   'MicOff' is defined but never used                                                                              no-unused-vars
  Line 2:172:   'MousePointer2' is defined but never used                                                                       no-unused-vars
  Line 2:187:   'Cloud' is defined but never used                                                                               no-unused-vars
  Line 2:220:   'LogIn' is defined but never used                                                                               no-unused-vars
  Line 2:227:   'LogOut' is defined but never used                                                                              no-unused-vars
  Line 2:235:   'Mail' is defined but never used                                                                                no-unused-vars
  Line 2:241:   'Lock' is defined but never used                                                                                no-unused-vars
  Line 2:247:   'KeyRound' is defined but never used                                                                            no-unused-vars
  Line 2:267:   'ArrowRight' is defined but never used                                                                          no-unused-vars
  Line 2:287:   'ClipboardCheck' is defined but never used                                                                      no-unused-vars
  Line 2:303:   'TrendingUp' is defined but never used                                                                          no-unused-vars
  Line 2:359:   'Smile' is defined but never used                                                                               no-unused-vars
  Line 2:366:   'Waves' is defined but never used                                                                               no-unused-vars
  Line 2:373:   'Wrench' is defined but never used                                                                              no-unused-vars
  Line 2:381:   'Hourglass' is defined but never used                                                                           no-unused-vars
  Line 2:392:   'ShieldAlert' is defined but never used                                                                         no-unused-vars
  Line 2:405:   'Siren' is defined but never used                                                                               no-unused-vars
  Line 2:412:   'ChevronDown' is defined but never used                                                                         no-unused-vars
  Line 2:425:   'ChevronUp' is defined but never used                                                                           no-unused-vars
  Line 2:436:   'WifiOff' is defined but never used                                                                             no-unused-vars
  Line 2:445:   'Database' is defined but never used                                                                            no-unused-vars
  Line 2:455:   'Lightbulb' is defined but never used                                                                           no-unused-vars
  Line 6:38:    'signInWithCustomToken' is defined but never used                                                               no-unused-vars
  Line 6:125:   'signInWithPopup' is defined but never used                                                                     no-unused-vars
  Line 6:209:   'createUserWithEmailAndPassword' is defined but never used                                                      no-unused-vars
  Line 7:90:    'writeBatch' is defined but never used                                                                          no-unused-vars
  Line 854:10:  'isLoadingLogs' is assigned a value but never used                                                              no-unused-vars
  Line 856:23:  'setIsListening' is assigned a value but never used                                                             no-unused-vars
  Line 857:9:   'recognitionRef' is assigned a value but never used                                                             no-unused-vars
  Line 887:6:   React Hook useMemo has a missing dependency: 't'. Either include it or remove the dependency array              react-hooks/exhaustive-deps
  Line 956:6:   React Hook useCallback has an unnecessary dependency: 'logs'. Either exclude it or remove the dependency array  react-hooks/exhaustive-deps

webpack compiled with 1 warning
Compiling...
Compiled with warnings.

[eslint]
src/App.js
  Line 2:36:    'Brain' is defined but never used                                                                               no-unused-vars
  Line 2:73:    'Trash2' is defined but never used                                                                              no-unused-vars
  Line 2:81:    'Layers' is defined but never used                                                                              no-unused-vars
  Line 2:89:    'Tag' is defined but never used                                                                                 no-unused-vars
  Line 2:104:   'FileText' is defined but never used                                                                            no-unused-vars
  Line 2:122:   'Settings' is defined but never used                                                                            no-unused-vars
  Line 2:145:   'CheckCircle2' is defined but never used                                                                        no-unused-vars
  Line 2:159:   'Mic' is defined but never used                                                                                 no-unused-vars
  Line 2:164:   'MicOff' is defined but never used                                                                              no-unused-vars
  Line 2:172:   'MousePointer2' is defined but never used                                                                       no-unused-vars
  Line 2:187:   'Cloud' is defined but never used                                                                               no-unused-vars
  Line 2:220:   'LogIn' is defined but never used                                                                               no-unused-vars
  Line 2:227:   'LogOut' is defined but never used                                                                              no-unused-vars
  Line 2:235:   'Mail' is defined but never used                                                                                no-unused-vars
  Line 2:241:   'Lock' is defined but never used                                                                                no-unused-vars
  Line 2:247:   'KeyRound' is defined but never used                                                                            no-unused-vars
  Line 2:267:   'ArrowRight' is defined but never used                                                                          no-unused-vars
  Line 2:287:   'ClipboardCheck' is defined but never used                                                                      no-unused-vars
  Line 2:303:   'TrendingUp' is defined but never used                                                                          no-unused-vars
  Line 2:359:   'Smile' is defined but never used                                                                               no-unused-vars
  Line 2:366:   'Waves' is defined but never used                                                                               no-unused-vars
  Line 2:373:   'Wrench' is defined but never used                                                                              no-unused-vars
  Line 2:381:   'Hourglass' is defined but never used                                                                           no-unused-vars
  Line 2:392:   'ShieldAlert' is defined but never used                                                                         no-unused-vars
  Line 2:405:   'Siren' is defined but never used                                                                               no-unused-vars
  Line 2:412:   'ChevronDown' is defined but never used                                                                         no-unused-vars
  Line 2:425:   'ChevronUp' is defined but never used                                                                           no-unused-vars
  Line 2:436:   'WifiOff' is defined but never used                                                                             no-unused-vars
  Line 2:445:   'Database' is defined but never used                                                                            no-unused-vars
  Line 2:455:   'Lightbulb' is defined but never used                                                                           no-unused-vars
  Line 6:38:    'signInWithCustomToken' is defined but never used                                                               no-unused-vars
  Line 6:125:   'signInWithPopup' is defined but never used                                                                     no-unused-vars
  Line 6:209:   'createUserWithEmailAndPassword' is defined but never used                                                      no-unused-vars
  Line 7:90:    'writeBatch' is defined but never used                                                                          no-unused-vars
  Line 854:10:  'isLoadingLogs' is assigned a value but never used                                                              no-unused-vars
  Line 856:23:  'setIsListening' is assigned a value but never used                                                             no-unused-vars
  Line 857:9:   'recognitionRef' is assigned a value but never used                                                             no-unused-vars
  Line 887:6:   React Hook useMemo has a missing dependency: 't'. Either include it or remove the dependency array              react-hooks/exhaustive-deps
  Line 952:6:   React Hook useCallback has an unnecessary dependency: 'logs'. Either exclude it or remove the dependency array  react-hooks/exhaustive-deps

Search for the keywords to learn more about each warning.
To ignore, add // eslint-disable-next-line to the line before.

WARNING in [eslint]
src/App.js
  Line 2:36:    'Brain' is defined but never used                                                                               no-unused-vars
  Line 2:73:    'Trash2' is defined but never used                                                                              no-unused-vars
  Line 2:81:    'Layers' is defined but never used                                                                              no-unused-vars
  Line 2:89:    'Tag' is defined but never used                                                                                 no-unused-vars
  Line 2:104:   'FileText' is defined but never used                                                                            no-unused-vars
  Line 2:122:   'Settings' is defined but never used                                                                            no-unused-vars
  Line 2:145:   'CheckCircle2' is defined but never used                                                                        no-unused-vars
  Line 2:159:   'Mic' is defined but never used                                                                                 no-unused-vars
  Line 2:164:   'MicOff' is defined but never used                                                                              no-unused-vars
  Line 2:172:   'MousePointer2' is defined but never used                                                                       no-unused-vars
  Line 2:187:   'Cloud' is defined but never used                                                                               no-unused-vars
  Line 2:220:   'LogIn' is defined but never used                                                                               no-unused-vars
  Line 2:227:   'LogOut' is defined but never used                                                                              no-unused-vars
  Line 2:235:   'Mail' is defined but never used                                                                                no-unused-vars
  Line 2:241:   'Lock' is defined but never used                                                                                no-unused-vars
  Line 2:247:   'KeyRound' is defined but never used                                                                            no-unused-vars
  Line 2:267:   'ArrowRight' is defined but never used                                                                          no-unused-vars
  Line 2:287:   'ClipboardCheck' is defined but never used                                                                      no-unused-vars
  Line 2:303:   'TrendingUp' is defined but never used                                                                          no-unused-vars
  Line 2:359:   'Smile' is defined but never used                                                                               no-unused-vars
  Line 2:366:   'Waves' is defined but never used                                                                               no-unused-vars
  Line 2:373:   'Wrench' is defined but never used                                                                              no-unused-vars
  Line 2:381:   'Hourglass' is defined but never used                                                                           no-unused-vars
  Line 2:392:   'ShieldAlert' is defined but never used                                                                         no-unused-vars
  Line 2:405:   'Siren' is defined but never used                                                                               no-unused-vars
  Line 2:412:   'ChevronDown' is defined but never used                                                                         no-unused-vars
  Line 2:425:   'ChevronUp' is defined but never used                                                                           no-unused-vars
  Line 2:436:   'WifiOff' is defined but never used                                                                             no-unused-vars
  Line 2:445:   'Database' is defined but never used                                                                            no-unused-vars
  Line 2:455:   'Lightbulb' is defined but never used                                                                           no-unused-vars
  Line 6:38:    'signInWithCustomToken' is defined but never used                                                               no-unused-vars
  Line 6:125:   'signInWithPopup' is defined but never used                                                                     no-unused-vars
  Line 6:209:   'createUserWithEmailAndPassword' is defined but never used                                                      no-unused-vars
  Line 7:90:    'writeBatch' is defined but never used                                                                          no-unused-vars
  Line 854:10:  'isLoadingLogs' is assigned a value but never used                                                              no-unused-vars
  Line 856:23:  'setIsListening' is assigned a value but never used                                                             no-unused-vars
  Line 857:9:   'recognitionRef' is assigned a value but never used                                                             no-unused-vars
  Line 887:6:   React Hook useMemo has a missing dependency: 't'. Either include it or remove the dependency array              react-hooks/exhaustive-deps
  Line 952:6:   React Hook useCallback has an unnecessary dependency: 'logs'. Either exclude it or remove the dependency array  react-hooks/exhaustive-deps

webpack compiled with 1 warning
Compiling...
Compiled with warnings.

[eslint]
src/App.js
  Line 2:36:    'Brain' is defined but never used                                                                               no-unused-vars
  Line 2:73:    'Trash2' is defined but never used                                                                              no-unused-vars
  Line 2:81:    'Layers' is defined but never used                                                                              no-unused-vars
  Line 2:89:    'Tag' is defined but never used                                                                                 no-unused-vars
  Line 2:104:   'FileText' is defined but never used                                                                            no-unused-vars
  Line 2:122:   'Settings' is defined but never used                                                                            no-unused-vars
  Line 2:145:   'CheckCircle2' is defined but never used                                                                        no-unused-vars
  Line 2:159:   'Mic' is defined but never used                                                                                 no-unused-vars
  Line 2:164:   'MicOff' is defined but never used                                                                              no-unused-vars
  Line 2:172:   'MousePointer2' is defined but never used                                                                       no-unused-vars
  Line 2:187:   'Cloud' is defined but never used                                                                               no-unused-vars
  Line 2:220:   'LogIn' is defined but never used                                                                               no-unused-vars
  Line 2:227:   'LogOut' is defined but never used                                                                              no-unused-vars
  Line 2:235:   'Mail' is defined but never used                                                                                no-unused-vars
  Line 2:241:   'Lock' is defined but never used                                                                                no-unused-vars
  Line 2:247:   'KeyRound' is defined but never used                                                                            no-unused-vars
  Line 2:267:   'ArrowRight' is defined but never used                                                                          no-unused-vars
  Line 2:287:   'ClipboardCheck' is defined but never used                                                                      no-unused-vars
  Line 2:303:   'TrendingUp' is defined but never used                                                                          no-unused-vars
  Line 2:359:   'Smile' is defined but never used                                                                               no-unused-vars
  Line 2:366:   'Waves' is defined but never used                                                                               no-unused-vars
  Line 2:373:   'Wrench' is defined but never used                                                                              no-unused-vars
  Line 2:381:   'Hourglass' is defined but never used                                                                           no-unused-vars
  Line 2:392:   'ShieldAlert' is defined but never used                                                                         no-unused-vars
  Line 2:405:   'Siren' is defined but never used                                                                               no-unused-vars
  Line 2:412:   'ChevronDown' is defined but never used                                                                         no-unused-vars
  Line 2:425:   'ChevronUp' is defined but never used                                                                           no-unused-vars
  Line 2:436:   'WifiOff' is defined but never used                                                                             no-unused-vars
  Line 2:445:   'Database' is defined but never used                                                                            no-unused-vars
  Line 2:455:   'Lightbulb' is defined but never used                                                                           no-unused-vars
  Line 6:38:    'signInWithCustomToken' is defined but never used                                                               no-unused-vars
  Line 6:125:   'signInWithPopup' is defined but never used                                                                     no-unused-vars
  Line 6:209:   'createUserWithEmailAndPassword' is defined but never used                                                      no-unused-vars
  Line 7:90:    'writeBatch' is defined but never used                                                                          no-unused-vars
  Line 854:10:  'isLoadingLogs' is assigned a value but never used                                                              no-unused-vars
  Line 856:23:  'setIsListening' is assigned a value but never used                                                             no-unused-vars
  Line 857:9:   'recognitionRef' is assigned a value but never used                                                             no-unused-vars
  Line 887:6:   React Hook useMemo has a missing dependency: 't'. Either include it or remove the dependency array              react-hooks/exhaustive-deps
  Line 952:6:   React Hook useCallback has an unnecessary dependency: 'logs'. Either exclude it or remove the dependency array  react-hooks/exhaustive-deps

Search for the keywords to learn more about each warning.
To ignore, add // eslint-disable-next-line to the line before.

WARNING in [eslint]
src/App.js
  Line 2:36:    'Brain' is defined but never used                                                                               no-unused-vars
  Line 2:73:    'Trash2' is defined but never used                                                                              no-unused-vars
  Line 2:81:    'Layers' is defined but never used                                                                              no-unused-vars
  Line 2:89:    'Tag' is defined but never used                                                                                 no-unused-vars
  Line 2:104:   'FileText' is defined but never used                                                                            no-unused-vars
  Line 2:122:   'Settings' is defined but never used                                                                            no-unused-vars
  Line 2:145:   'CheckCircle2' is defined but never used                                                                        no-unused-vars
  Line 2:159:   'Mic' is defined but never used                                                                                 no-unused-vars
  Line 2:164:   'MicOff' is defined but never used                                                                              no-unused-vars
  Line 2:172:   'MousePointer2' is defined but never used                                                                       no-unused-vars
  Line 2:187:   'Cloud' is defined but never used                                                                               no-unused-vars
  Line 2:220:   'LogIn' is defined but never used                                                                               no-unused-vars
  Line 2:227:   'LogOut' is defined but never used                                                                              no-unused-vars
  Line 2:235:   'Mail' is defined but never used                                                                                no-unused-vars
  Line 2:241:   'Lock' is defined but never used                                                                                no-unused-vars
  Line 2:247:   'KeyRound' is defined but never used                                                                            no-unused-vars
  Line 2:267:   'ArrowRight' is defined but never used                                                                          no-unused-vars
  Line 2:287:   'ClipboardCheck' is defined but never used                                                                      no-unused-vars
  Line 2:303:   'TrendingUp' is defined but never used                                                                          no-unused-vars
  Line 2:359:   'Smile' is defined but never used                                                                               no-unused-vars
  Line 2:366:   'Waves' is defined but never used                                                                               no-unused-vars
  Line 2:373:   'Wrench' is defined but never used                                                                              no-unused-vars
  Line 2:381:   'Hourglass' is defined but never used                                                                           no-unused-vars
  Line 2:392:   'ShieldAlert' is defined but never used                                                                         no-unused-vars
  Line 2:405:   'Siren' is defined but never used                                                                               no-unused-vars
  Line 2:412:   'ChevronDown' is defined but never used                                                                         no-unused-vars
  Line 2:425:   'ChevronUp' is defined but never used                                                                           no-unused-vars
  Line 2:436:   'WifiOff' is defined but never used                                                                             no-unused-vars
  Line 2:445:   'Database' is defined but never used                                                                            no-unused-vars
  Line 2:455:   'Lightbulb' is defined but never used                                                                           no-unused-vars
  Line 6:38:    'signInWithCustomToken' is defined but never used                                                               no-unused-vars
  Line 6:125:   'signInWithPopup' is defined but never used                                                                     no-unused-vars
  Line 6:209:   'createUserWithEmailAndPassword' is defined but never used                                                      no-unused-vars
  Line 7:90:    'writeBatch' is defined but never used                                                                          no-unused-vars
  Line 854:10:  'isLoadingLogs' is assigned a value but never used                                                              no-unused-vars
  Line 856:23:  'setIsListening' is assigned a value but never used                                                             no-unused-vars
  Line 857:9:   'recognitionRef' is assigned a value but never used                                                             no-unused-vars
  Line 887:6:   React Hook useMemo has a missing dependency: 't'. Either include it or remove the dependency array              react-hooks/exhaustive-deps
  Line 952:6:   React Hook useCallback has an unnecessary dependency: 'logs'. Either exclude it or remove the dependency array  react-hooks/exhaustive-deps

webpack compiled with 1 warning
Compiling...
Compiled with warnings.

[eslint]
src/App.js
  Line 2:36:    'Brain' is defined but never used                                                                               no-unused-vars
  Line 2:73:    'Trash2' is defined but never used                                                                              no-unused-vars
  Line 2:81:    'Layers' is defined but never used                                                                              no-unused-vars
  Line 2:89:    'Tag' is defined but never used                                                                                 no-unused-vars
  Line 2:104:   'FileText' is defined but never used                                                                            no-unused-vars
  Line 2:122:   'Settings' is defined but never used                                                                            no-unused-vars
  Line 2:145:   'CheckCircle2' is defined but never used                                                                        no-unused-vars
  Line 2:159:   'Mic' is defined but never used                                                                                 no-unused-vars
  Line 2:164:   'MicOff' is defined but never used                                                                              no-unused-vars
  Line 2:172:   'MousePointer2' is defined but never used                                                                       no-unused-vars
  Line 2:187:   'Cloud' is defined but never used                                                                               no-unused-vars
  Line 2:220:   'LogIn' is defined but never used                                                                               no-unused-vars
  Line 2:227:   'LogOut' is defined but never used                                                                              no-unused-vars
  Line 2:235:   'Mail' is defined but never used                                                                                no-unused-vars
  Line 2:241:   'Lock' is defined but never used                                                                                no-unused-vars
  Line 2:247:   'KeyRound' is defined but never used                                                                            no-unused-vars
  Line 2:267:   'ArrowRight' is defined but never used                                                                          no-unused-vars
  Line 2:287:   'ClipboardCheck' is defined but never used                                                                      no-unused-vars
  Line 2:303:   'TrendingUp' is defined but never used                                                                          no-unused-vars
  Line 2:359:   'Smile' is defined but never used                                                                               no-unused-vars
  Line 2:366:   'Waves' is defined but never used                                                                               no-unused-vars
  Line 2:373:   'Wrench' is defined but never used                                                                              no-unused-vars
  Line 2:381:   'Hourglass' is defined but never used                                                                           no-unused-vars
  Line 2:392:   'ShieldAlert' is defined but never used                                                                         no-unused-vars
  Line 2:405:   'Siren' is defined but never used                                                                               no-unused-vars
  Line 2:412:   'ChevronDown' is defined but never used                                                                         no-unused-vars
  Line 2:425:   'ChevronUp' is defined but never used                                                                           no-unused-vars
  Line 2:436:   'WifiOff' is defined but never used                                                                             no-unused-vars
  Line 2:445:   'Database' is defined but never used                                                                            no-unused-vars
  Line 2:455:   'Lightbulb' is defined but never used                                                                           no-unused-vars
  Line 6:38:    'signInWithCustomToken' is defined but never used                                                               no-unused-vars
  Line 6:125:   'signInWithPopup' is defined but never used                                                                     no-unused-vars
  Line 6:209:   'createUserWithEmailAndPassword' is defined but never used                                                      no-unused-vars
  Line 7:90:    'writeBatch' is defined but never used                                                                          no-unused-vars
  Line 854:10:  'isLoadingLogs' is assigned a value but never used                                                              no-unused-vars
  Line 856:23:  'setIsListening' is assigned a value but never used                                                             no-unused-vars
  Line 857:9:   'recognitionRef' is assigned a value but never used                                                             no-unused-vars
  Line 887:6:   React Hook useMemo has a missing dependency: 't'. Either include it or remove the dependency array              react-hooks/exhaustive-deps
  Line 952:6:   React Hook useCallback has an unnecessary dependency: 'logs'. Either exclude it or remove the dependency array  react-hooks/exhaustive-deps

Search for the keywords to learn more about each warning.
To ignore, add // eslint-disable-next-line to the line before.

WARNING in [eslint]
src/App.js
  Line 2:36:    'Brain' is defined but never used                                                                               no-unused-vars
  Line 2:73:    'Trash2' is defined but never used                                                                              no-unused-vars
  Line 2:81:    'Layers' is defined but never used                                                                              no-unused-vars
  Line 2:89:    'Tag' is defined but never used                                                                                 no-unused-vars
  Line 2:104:   'FileText' is defined but never used                                                                            no-unused-vars
  Line 2:122:   'Settings' is defined but never used                                                                            no-unused-vars
  Line 2:145:   'CheckCircle2' is defined but never used                                                                        no-unused-vars
  Line 2:159:   'Mic' is defined but never used                                                                                 no-unused-vars
  Line 2:164:   'MicOff' is defined but never used                                                                              no-unused-vars
  Line 2:172:   'MousePointer2' is defined but never used                                                                       no-unused-vars
  Line 2:187:   'Cloud' is defined but never used                                                                               no-unused-vars
  Line 2:220:   'LogIn' is defined but never used                                                                               no-unused-vars
  Line 2:227:   'LogOut' is defined but never used                                                                              no-unused-vars
  Line 2:235:   'Mail' is defined but never used                                                                                no-unused-vars
  Line 2:241:   'Lock' is defined but never used                                                                                no-unused-vars
  Line 2:247:   'KeyRound' is defined but never used                                                                            no-unused-vars
  Line 2:267:   'ArrowRight' is defined but never used                                                                          no-unused-vars
  Line 2:287:   'ClipboardCheck' is defined but never used                                                                      no-unused-vars
  Line 2:303:   'TrendingUp' is defined but never used                                                                          no-unused-vars
  Line 2:359:   'Smile' is defined but never used                                                                               no-unused-vars
  Line 2:366:   'Waves' is defined but never used                                                                               no-unused-vars
  Line 2:373:   'Wrench' is defined but never used                                                                              no-unused-vars
  Line 2:381:   'Hourglass' is defined but never used                                                                           no-unused-vars
  Line 2:392:   'ShieldAlert' is defined but never used                                                                         no-unused-vars
  Line 2:405:   'Siren' is defined but never used                                                                               no-unused-vars
  Line 2:412:   'ChevronDown' is defined but never used                                                                         no-unused-vars
  Line 2:425:   'ChevronUp' is defined but never used                                                                           no-unused-vars
  Line 2:436:   'WifiOff' is defined but never used                                                                             no-unused-vars
  Line 2:445:   'Database' is defined but never used                                                                            no-unused-vars
  Line 2:455:   'Lightbulb' is defined but never used                                                                           no-unused-vars
  Line 6:38:    'signInWithCustomToken' is defined but never used                                                               no-unused-vars
  Line 6:125:   'signInWithPopup' is defined but never used                                                                     no-unused-vars
  Line 6:209:   'createUserWithEmailAndPassword' is defined but never used                                                      no-unused-vars
  Line 7:90:    'writeBatch' is defined but never used                                                                          no-unused-vars
  Line 854:10:  'isLoadingLogs' is assigned a value but never used                                                              no-unused-vars
  Line 856:23:  'setIsListening' is assigned a value but never used                                                             no-unused-vars
  Line 857:9:   'recognitionRef' is assigned a value but never used                                                             no-unused-vars
  Line 887:6:   React Hook useMemo has a missing dependency: 't'. Either include it or remove the dependency array              react-hooks/exhaustive-deps
  Line 952:6:   React Hook useCallback has an unnecessary dependency: 'logs'. Either exclude it or remove the dependency array  react-hooks/exhaustive-deps

webpack compiled with 1 warning
Compiling...
Compiled with warnings.

[eslint]
src/App.js
  Line 2:36:    'Brain' is defined but never used                                                                               no-unused-vars
  Line 2:73:    'Trash2' is defined but never used                                                                              no-unused-vars
  Line 2:81:    'Layers' is defined but never used                                                                              no-unused-vars
  Line 2:89:    'Tag' is defined but never used                                                                                 no-unused-vars
  Line 2:104:   'FileText' is defined but never used                                                                            no-unused-vars
  Line 2:122:   'Settings' is defined but never used                                                                            no-unused-vars
  Line 2:145:   'CheckCircle2' is defined but never used                                                                        no-unused-vars
  Line 2:159:   'Mic' is defined but never used                                                                                 no-unused-vars
  Line 2:164:   'MicOff' is defined but never used                                                                              no-unused-vars
  Line 2:172:   'MousePointer2' is defined but never used                                                                       no-unused-vars
  Line 2:187:   'Cloud' is defined but never used                                                                               no-unused-vars
  Line 2:220:   'LogIn' is defined but never used                                                                               no-unused-vars
  Line 2:227:   'LogOut' is defined but never used                                                                              no-unused-vars
  Line 2:235:   'Mail' is defined but never used                                                                                no-unused-vars
  Line 2:241:   'Lock' is defined but never used                                                                                no-unused-vars
  Line 2:247:   'KeyRound' is defined but never used                                                                            no-unused-vars
  Line 2:267:   'ArrowRight' is defined but never used                                                                          no-unused-vars
  Line 2:287:   'ClipboardCheck' is defined but never used                                                                      no-unused-vars
  Line 2:303:   'TrendingUp' is defined but never used                                                                          no-unused-vars
  Line 2:359:   'Smile' is defined but never used                                                                               no-unused-vars
  Line 2:366:   'Waves' is defined but never used                                                                               no-unused-vars
  Line 2:373:   'Wrench' is defined but never used                                                                              no-unused-vars
  Line 2:381:   'Hourglass' is defined but never used                                                                           no-unused-vars
  Line 2:392:   'ShieldAlert' is defined but never used                                                                         no-unused-vars
  Line 2:405:   'Siren' is defined but never used                                                                               no-unused-vars
  Line 2:412:   'ChevronDown' is defined but never used                                                                         no-unused-vars
  Line 2:425:   'ChevronUp' is defined but never used                                                                           no-unused-vars
  Line 2:436:   'WifiOff' is defined but never used                                                                             no-unused-vars
  Line 2:445:   'Database' is defined but never used                                                                            no-unused-vars
  Line 2:455:   'Lightbulb' is defined but never used                                                                           no-unused-vars
  Line 6:38:    'signInWithCustomToken' is defined but never used                                                               no-unused-vars
  Line 6:125:   'signInWithPopup' is defined but never used                                                                     no-unused-vars
  Line 6:209:   'createUserWithEmailAndPassword' is defined but never used                                                      no-unused-vars
  Line 7:90:    'writeBatch' is defined but never used                                                                          no-unused-vars
  Line 854:10:  'isLoadingLogs' is assigned a value but never used                                                              no-unused-vars
  Line 856:23:  'setIsListening' is assigned a value but never used                                                             no-unused-vars
  Line 857:9:   'recognitionRef' is assigned a value but never used                                                             no-unused-vars
  Line 887:6:   React Hook useMemo has a missing dependency: 't'. Either include it or remove the dependency array              react-hooks/exhaustive-deps
  Line 952:6:   React Hook useCallback has an unnecessary dependency: 'logs'. Either exclude it or remove the dependency array  react-hooks/exhaustive-deps

Search for the keywords to learn more about each warning.
To ignore, add // eslint-disable-next-line to the line before.

WARNING in [eslint]
src/App.js
  Line 2:36:    'Brain' is defined but never used                                                                               no-unused-vars
  Line 2:73:    'Trash2' is defined but never used                                                                              no-unused-vars
  Line 2:81:    'Layers' is defined but never used                                                                              no-unused-vars
  Line 2:89:    'Tag' is defined but never used                                                                                 no-unused-vars
  Line 2:104:   'FileText' is defined but never used                                                                            no-unused-vars
  Line 2:122:   'Settings' is defined but never used                                                                            no-unused-vars
  Line 2:145:   'CheckCircle2' is defined but never used                                                                        no-unused-vars
  Line 2:159:   'Mic' is defined but never used                                                                                 no-unused-vars
  Line 2:164:   'MicOff' is defined but never used                                                                              no-unused-vars
  Line 2:172:   'MousePointer2' is defined but never used                                                                       no-unused-vars
  Line 2:187:   'Cloud' is defined but never used                                                                               no-unused-vars
  Line 2:220:   'LogIn' is defined but never used                                                                               no-unused-vars
  Line 2:227:   'LogOut' is defined but never used                                                                              no-unused-vars
  Line 2:235:   'Mail' is defined but never used                                                                                no-unused-vars
  Line 2:241:   'Lock' is defined but never used                                                                                no-unused-vars
  Line 2:247:   'KeyRound' is defined but never used                                                                            no-unused-vars
  Line 2:267:   'ArrowRight' is defined but never used                                                                          no-unused-vars
  Line 2:287:   'ClipboardCheck' is defined but never used                                                                      no-unused-vars
  Line 2:303:   'TrendingUp' is defined but never used                                                                          no-unused-vars
  Line 2:359:   'Smile' is defined but never used                                                                               no-unused-vars
  Line 2:366:   'Waves' is defined but never used                                                                               no-unused-vars
  Line 2:373:   'Wrench' is defined but never used                                                                              no-unused-vars
  Line 2:381:   'Hourglass' is defined but never used                                                                           no-unused-vars
  Line 2:392:   'ShieldAlert' is defined but never used                                                                         no-unused-vars
  Line 2:405:   'Siren' is defined but never used                                                                               no-unused-vars
  Line 2:412:   'ChevronDown' is defined but never used                                                                         no-unused-vars
  Line 2:425:   'ChevronUp' is defined but never used                                                                           no-unused-vars
  Line 2:436:   'WifiOff' is defined but never used                                                                             no-unused-vars
  Line 2:445:   'Database' is defined but never used                                                                            no-unused-vars
  Line 2:455:   'Lightbulb' is defined but never used                                                                           no-unused-vars
  Line 6:38:    'signInWithCustomToken' is defined but never used                                                               no-unused-vars
  Line 6:125:   'signInWithPopup' is defined but never used                                                                     no-unused-vars
  Line 6:209:   'createUserWithEmailAndPassword' is defined but never used                                                      no-unused-vars
  Line 7:90:    'writeBatch' is defined but never used                                                                          no-unused-vars
  Line 854:10:  'isLoadingLogs' is assigned a value but never used                                                              no-unused-vars
  Line 856:23:  'setIsListening' is assigned a value but never used                                                             no-unused-vars
  Line 857:9:   'recognitionRef' is assigned a value but never used                                                             no-unused-vars
  Line 887:6:   React Hook useMemo has a missing dependency: 't'. Either include it or remove the dependency array              react-hooks/exhaustive-deps
  Line 952:6:   React Hook useCallback has an unnecessary dependency: 'logs'. Either exclude it or remove the dependency array  react-hooks/exhaustive-deps

webpack compiled with 1 warning
